[2026-04-03T21:13:31.601226300] Старт программы
[2026-04-03T21:13:31.609255700] === АНАЛИЗ КОДА ===
[2026-04-03T21:13:31.612886500] Длина кода: 942
[2026-04-03T21:13:31.612886500] Количество инструкций: 12
[2026-04-03T21:13:31.618963700] Ключевое слово 'if': 0
[2026-04-03T21:13:31.619969600] Ключевое слово 'for': 1
[2026-04-03T21:13:31.620969500] Ключевое слово 'while': 0
[2026-04-03T21:13:31.620969500] Ключевое слово 'class': 1
[2026-04-03T21:13:31.621970100] Ключевое слово 'return': 1
[2026-04-03T21:13:31.621970100] [TRACE] Исходный код -> // Это простой класс для демонстрации обфускации
public class TestFile {

    private int number;...
[2026-04-03T21:13:31.621970100] Удаление комментариев
[2026-04-03T21:13:31.622970] [TRACE] После удаления комментариев -> 
public class TestFile {

    private int number;
    private String message;

    
    publi...
[2026-04-03T21:13:31.623970200] Нормализация пробелов
[2026-04-03T21:13:31.624970300] [TRACE] После нормализации пробелов -> public class TestFile{private int number;private String message;public TestFile(int number,String me...
[2026-04-03T21:13:31.624970300] Поиск имени класса
[2026-04-03T21:13:31.624970300] Найден класс: TestFile
[2026-04-03T21:13:31.625970400] [TRACE] После переименования класса -> public class A{private int number;private String message;public A(int number,String message){this.nu...
[2026-04-03T21:13:31.625970400] Начало замены идентификаторов
[2026-04-03T21:13:31.627473200] Найдено идентификаторов: 16
[2026-04-03T21:13:31.627473200] Генерация новых имён
[2026-04-03T21:13:31.628474500] [TRACE] Замена -> this -> a
[2026-04-03T21:13:31.628474500] [TRACE] Замена -> length -> b
[2026-04-03T21:13:31.628474500] [TRACE] Замена -> i -> c
[2026-04-03T21:13:31.629474800] [TRACE] Замена -> main -> d
[2026-04-03T21:13:31.629474800] [TRACE] Замена -> String -> e
[2026-04-03T21:13:31.630475100] [TRACE] Замена -> message -> f
[2026-04-03T21:13:31.630475100] [TRACE] Замена -> System -> g
[2026-04-03T21:13:31.630475100] [TRACE] Замена -> out -> h
[2026-04-03T21:13:31.630475100] [TRACE] Замена -> args -> i
[2026-04-03T21:13:31.631797200] [TRACE] Замена -> number -> j
[2026-04-03T21:13:31.631797200] [TRACE] Замена -> println -> k
[2026-04-03T21:13:31.631797200] [TRACE] Замена -> tf -> l
[2026-04-03T21:13:31.632870700] [TRACE] Замена -> Hello -> m
[2026-04-03T21:13:31.632870700] [TRACE] Замена -> Length -> n
[2026-04-03T21:13:31.632870700] [TRACE] Замена -> printMessage -> o
[2026-04-03T21:13:31.632870700] [TRACE] Замена -> getMessageLength -> p
[2026-04-03T21:13:31.633878] [TRACE] После замены идентификаторов -> public class A{private int j;private e f;public A(int j,e f){a.j=j;a.f=f;}public void o(){for(int c=...
[2026-04-03T21:13:31.635014] Готово! Файл сохранён как: A.java
